<?xml version="1.0" encoding="UTF-8"?>
<testsuite name="com.tavisca.workshops.jenkins.Rover.VectorTest" tests="13" skipped="0" failures="0" errors="0" timestamp="2019-08-13T19:40:23" hostname="RENTLAPT007" time="0.056">
  <properties/>
  <testcase name="vectorCanMoveFromEast()" classname="com.tavisca.workshops.jenkins.Rover.VectorTest" time="0.022"/>
  <testcase name="vectorCanMoveFromWest()" classname="com.tavisca.workshops.jenkins.Rover.VectorTest" time="0.001"/>
  <testcase name="vectorCanMoveFromNorth()" classname="com.tavisca.workshops.jenkins.Rover.VectorTest" time="0.001"/>
  <testcase name="vectorCanMoveFromSouth()" classname="com.tavisca.workshops.jenkins.Rover.VectorTest" time="0.002"/>
  <testcase name="vectorCanRotateRightFromEast()" classname="com.tavisca.workshops.jenkins.Rover.VectorTest" time="0.001"/>
  <testcase name="vectorCanRotateRightFromWest()" classname="com.tavisca.workshops.jenkins.Rover.VectorTest" time="0.005"/>
  <testcase name="vectorCanRotateLeftFromEast()" classname="com.tavisca.workshops.jenkins.Rover.VectorTest" time="0.001"/>
  <testcase name="vectorCanRotateLeftFromWest()" classname="com.tavisca.workshops.jenkins.Rover.VectorTest" time="0.001"/>
  <testcase name="vectorCanRotateRightFromNorth()" classname="com.tavisca.workshops.jenkins.Rover.VectorTest" time="0.001"/>
  <testcase name="vectorCanRotateRightFromSouth()" classname="com.tavisca.workshops.jenkins.Rover.VectorTest" time="0.002"/>
  <testcase name="vectorCanRotateLeftFromNorth()" classname="com.tavisca.workshops.jenkins.Rover.VectorTest" time="0.001"/>
  <testcase name="vectorCanRotateLeftFromSouth()" classname="com.tavisca.workshops.jenkins.Rover.VectorTest" time="0.005"/>
  <testcase name="vectorInitializesWithGivenPosition()" classname="com.tavisca.workshops.jenkins.Rover.VectorTest" time="0.0"/>
  <system-out><![CDATA[]]></system-out>
  <system-err><![CDATA[]]></system-err>
</testsuite>
